<?xml version="1.0" encoding="UTF-8"?>
<testng-results skipped="0" failed="0" total="4" passed="4">
  <reporter-output>
  </reporter-output>
  <suite name="Reltio_POC_Suite" duration-ms="43654" started-at="2018-01-10T07:28:53Z" finished-at="2018-01-10T07:29:36Z">
    <groups>
    </groups>
    <test name="REltio_POC_Test" duration-ms="43654" started-at="2018-01-10T07:28:53Z" finished-at="2018-01-10T07:29:36Z">
      <class name="com.Reltio.TestScripts.LoginWithInvalidCredentials">
        <test-method status="PASS" signature="setUp()[pri:0, instance:com.Reltio.TestScripts.LoginWithInvalidCredentials@3ffc5af1]" name="setUp" is-config="true" duration-ms="129" started-at="2018-01-10T12:58:53Z" finished-at="2018-01-10T12:58:53Z">
          <reporter-output>
          </reporter-output>
        </test-method> <!-- setUp -->
        <test-method status="PASS" signature="Login()[pri:0, instance:com.Reltio.TestScripts.LoginWithInvalidCredentials@3ffc5af1]" name="Login" duration-ms="17798" started-at="2018-01-10T12:58:53Z" finished-at="2018-01-10T12:59:10Z">
          <reporter-output>
          </reporter-output>
        </test-method> <!-- Login -->
        <test-method status="PASS" signature="getResult(org.testng.ITestResult)[pri:0, instance:com.Reltio.TestScripts.LoginWithInvalidCredentials@3ffc5af1]" name="getResult" is-config="true" duration-ms="2" started-at="2018-01-10T12:59:10Z" finished-at="2018-01-10T12:59:10Z">
          <params>
            <param index="0">
              <value>
                <![CDATA[[TestResult name=Login status=SUCCESS method=LoginWithInvalidCredentials.Login()[pri:0, instance:com.Reltio.TestScripts.LoginWithInvalidCredentials@3ffc5af1] output={null}]]]>
              </value>
            </param>
          </params>
          <reporter-output>
          </reporter-output>
        </test-method> <!-- getResult -->
        <test-method status="PASS" signature="tearDown()[pri:0, instance:com.Reltio.TestScripts.LoginWithInvalidCredentials@3ffc5af1]" name="tearDown" is-config="true" duration-ms="28617" started-at="2018-01-10T12:59:36Z" finished-at="2018-01-10T13:00:05Z">
          <reporter-output>
          </reporter-output>
        </test-method> <!-- tearDown -->
      </class> <!-- com.Reltio.TestScripts.LoginWithInvalidCredentials -->
      <class name="com.Reltio.TestScripts.Advanced_Search_with_ZeroResult">
        <test-method status="PASS" signature="Exec_Inv_Search()[pri:0, instance:com.Reltio.TestScripts.Advanced_Search_with_ZeroResult@91161c7]" name="Exec_Inv_Search" duration-ms="10833" started-at="2018-01-10T12:59:25Z" finished-at="2018-01-10T12:59:36Z">
          <reporter-output>
          </reporter-output>
        </test-method> <!-- Exec_Inv_Search -->
        <test-method status="PASS" signature="getResult(org.testng.ITestResult)[pri:0, instance:com.Reltio.TestScripts.Advanced_Search_with_ZeroResult@91161c7]" name="getResult" is-config="true" duration-ms="1" started-at="2018-01-10T12:59:36Z" finished-at="2018-01-10T12:59:36Z">
          <params>
            <param index="0">
              <value>
                <![CDATA[[TestResult name=Exec_Inv_Search status=SUCCESS method=Advanced_Search_with_ZeroResult.Exec_Inv_Search()[pri:0, instance:com.Reltio.TestScripts.Advanced_Search_with_ZeroResult@91161c7] output={null}]]]>
              </value>
            </param>
          </params>
          <reporter-output>
          </reporter-output>
        </test-method> <!-- getResult -->
      </class> <!-- com.Reltio.TestScripts.Advanced_Search_with_ZeroResult -->
      <class name="com.Reltio.TestScripts.Advanced_Search_with_Valid_Data">
        <test-method status="PASS" signature="Exec_Search()[pri:0, instance:com.Reltio.TestScripts.Advanced_Search_with_Valid_Data@604ed9f0]" name="Exec_Search" duration-ms="5837" started-at="2018-01-10T12:59:20Z" finished-at="2018-01-10T12:59:25Z">
          <reporter-output>
          </reporter-output>
        </test-method> <!-- Exec_Search -->
        <test-method status="PASS" signature="getResult(org.testng.ITestResult)[pri:0, instance:com.Reltio.TestScripts.Advanced_Search_with_Valid_Data@604ed9f0]" name="getResult" is-config="true" duration-ms="0" started-at="2018-01-10T12:59:25Z" finished-at="2018-01-10T12:59:25Z">
          <params>
            <param index="0">
              <value>
                <![CDATA[[TestResult name=Exec_Search status=SUCCESS method=Advanced_Search_with_Valid_Data.Exec_Search()[pri:0, instance:com.Reltio.TestScripts.Advanced_Search_with_Valid_Data@604ed9f0] output={null}]]]>
              </value>
            </param>
          </params>
          <reporter-output>
          </reporter-output>
        </test-method> <!-- getResult -->
      </class> <!-- com.Reltio.TestScripts.Advanced_Search_with_Valid_Data -->
      <class name="com.Reltio.TestScripts.LoginWithValidCredentials">
        <test-method status="PASS" signature="LoginValid()[pri:0, instance:com.Reltio.TestScripts.LoginWithValidCredentials@6a4f787b]" name="LoginValid" duration-ms="9163" started-at="2018-01-10T12:59:10Z" finished-at="2018-01-10T12:59:20Z">
          <reporter-output>
          </reporter-output>
        </test-method> <!-- LoginValid -->
        <test-method status="PASS" signature="getResult(org.testng.ITestResult)[pri:0, instance:com.Reltio.TestScripts.LoginWithValidCredentials@6a4f787b]" name="getResult" is-config="true" duration-ms="1" started-at="2018-01-10T12:59:20Z" finished-at="2018-01-10T12:59:20Z">
          <params>
            <param index="0">
              <value>
                <![CDATA[[TestResult name=LoginValid status=SUCCESS method=LoginWithValidCredentials.LoginValid()[pri:0, instance:com.Reltio.TestScripts.LoginWithValidCredentials@6a4f787b] output={null}]]]>
              </value>
            </param>
          </params>
          <reporter-output>
          </reporter-output>
        </test-method> <!-- getResult -->
      </class> <!-- com.Reltio.TestScripts.LoginWithValidCredentials -->
    </test> <!-- REltio_POC_Test -->
  </suite> <!-- Reltio_POC_Suite -->
</testng-results>
