<?xml version="1.0" encoding="UTF-8"?>
<!-- Generated by org.testng.reporters.JUnitXMLReporter -->
<testsuite hostname="DESKTOP-V1T4GQ5" name="REltio_POC_Test" tests="5" failures="0" timestamp="11 Jan 2018 15:22:10 GMT" time="160.237" errors="0">
  <testcase name="Login_With_Invalid_Credentials" time="9.969" classname="com.Reltio.TestScripts.LoginWithInvalidCredentials"/>
  <testcase name="Login_With_Valid_Credentials" time="10.637" classname="com.Reltio.TestScripts.LoginWithValidCredentials"/>
  <testcase name="launchSearch" time="34.309" classname="com.Reltio.TestScripts.TestSearch"/>
  <testcase name="launchSearch" time="27.538" classname="com.Reltio.TestScripts.TestSearch"/>
  <testcase name="launchSearch" time="77.751" classname="com.Reltio.TestScripts.TestSearch"/>
</testsuite> <!-- REltio_POC_Test -->
