<?xml version="1.0" encoding="UTF-8"?>
<!-- Generated by org.testng.reporters.JUnitXMLReporter -->
<testsuite hostname="VSCT150" name="REltio_POC_Test" tests="4" failures="0" timestamp="10 Jan 2018 07:29:36 GMT" time="43.654" errors="0">
  <testcase name="Login" time="17.798" classname="com.Reltio.TestScripts.LoginWithInvalidCredentials"/>
  <testcase name="LoginValid" time="9.163" classname="com.Reltio.TestScripts.LoginWithValidCredentials"/>
  <testcase name="Exec_Search" time="5.837" classname="com.Reltio.TestScripts.Advanced_Search_with_Valid_Data"/>
  <testcase name="Exec_Inv_Search" time="10.833" classname="com.Reltio.TestScripts.Advanced_Search_with_ZeroResult"/>
</testsuite> <!-- REltio_POC_Test -->
